<?xml version="1.0" encoding="UTF-8"?>
<testsuite xmlns:xsi="http://www.w3.org/2001/XMLSchema-instance" xsi:noNamespaceSchemaLocation="https://maven.apache.org/surefire/maven-surefire-plugin/xsd/surefire-test-report-3.0.xsd" version="3.0" name="com.valpuestajorge.conecta4.Conecta4ApplicationTests" time="5.812" tests="1" errors="0" skipped="0" failures="0">
  <properties>
[...]
</properties>
  <testcase name="contextLoads" classname="com.valpuestajorge.conecta4.Conecta4ApplicationTests" time="0.721">
    <system-out><![CDATA[13:48:15.456 [main] INFO org.springframework.test.context.support.AnnotationConfigContextLoaderUtils -- Could not detect default configuration classes for test class [com.valpuestajorge.conecta4.Conecta4ApplicationTests]: Conecta4ApplicationTests does not declare any static, non-private, non-final, nested classes annotated with @Configuration.
13:48:15.638 [main] INFO org.springframework.boot.test.context.SpringBootTestContextBootstrapper -- Found @SpringBootConfiguration com.valpuestajorge.conecta4.Conecta4Application for test class com.valpuestajorge.conecta4.Conecta4ApplicationTests

  .   ____          _            __ _ _
 /\\ / ___'_ __ _ _(_)_ __  __ _ \ \ \ \
( ( )\___ | '_ | '_| | '_ \/ _` | \ \ \ \
 \\/  ___)| |_)| | | | | || (_| |  ) ) ) )
  '  |____| .__|_| |_|_| |_\__, | / / / /
 =========|_|==============|___/=/_/_/_/
 :: Spring Boot ::                (v3.1.3)

2024-09-14T13:48:16.337+02:00  INFO 19108 --- [           main] c.v.conecta4.Conecta4ApplicationTests    : Starting Conecta4ApplicationTests using Java 20.0.2.1 with PID 19108 (started by jorge.valpuesta in C:\Users\jorge.valpuesta\Desktop\TFG\conecta4rework)
2024-09-14T13:48:16.339+02:00  INFO 19108 --- [           main] c.v.conecta4.Conecta4ApplicationTests    : No active profile set, falling back to 1 default profile: "default"
2024-09-14T13:48:17.407+02:00  INFO 19108 --- [           main] .s.d.r.c.RepositoryConfigurationDelegate : Bootstrapping Spring Data R2DBC repositories in DEFAULT mode.
2024-09-14T13:48:17.546+02:00  INFO 19108 --- [           main] .s.d.r.c.RepositoryConfigurationDelegate : Finished Spring Data repository scanning in 135 ms. Found 3 R2DBC repository interfaces.
2024-09-14T13:48:20.248+02:00  INFO 19108 --- [           main] o.s.m.s.b.SimpleBrokerMessageHandler     : Starting...
2024-09-14T13:48:20.250+02:00  INFO 19108 --- [           main] o.s.m.s.b.SimpleBrokerMessageHandler     : BrokerAvailabilityEvent[available=true, SimpleBrokerMessageHandler [org.springframework.messaging.simp.broker.DefaultSubscriptionRegistry@20231384]]
2024-09-14T13:48:20.250+02:00  INFO 19108 --- [           main] o.s.m.s.b.SimpleBrokerMessageHandler     : Started.
2024-09-14T13:48:20.257+02:00  INFO 19108 --- [           main] c.v.conecta4.Conecta4ApplicationTests    : Started Conecta4ApplicationTests in 4.328 seconds (process running for 5.912)
]]></system-out>
  </testcase>
</testsuite>